Prelevo condizioni del tempo 2016-07-10 15:56:52+00
Prelevo condizioni del tempo 2016-07-10 16:56:53+00
Prelevo condizioni del tempo 2016-07-10 17:56:53+00
Prelevo condizioni del tempo 2016-07-10 18:56:54+00
Prelevo condizioni del tempo 2016-07-10 19:56:54+00
Prelevo condizioni del tempo 2016-07-10 20:56:55+00
Prelevo condizioni del tempo 2016-07-10 21:56:55+00
Prelevo condizioni del tempo 2016-07-10 22:56:56+00
Prelevo condizioni del tempo 2016-07-10 23:56:56+00
Prelevo condizioni del tempo 2016-07-11 00:56:57+00
Prelevo condizioni del tempo 2016-07-11 01:56:57+00
Prelevo condizioni del tempo 2016-07-11 02:56:58+00
Prelevo condizioni del tempo 2016-07-11 03:56:58+00
Prelevo condizioni del tempo 2016-07-11 04:56:59+00
Prelevo condizioni del tempo 2016-07-11 05:56:59+00
Prelevo condizioni del tempo 2016-07-11 06:56:59+00
Prelevo condizioni del tempo 2016-07-11 07:57:00+00
Prelevo condizioni del tempo 2016-07-11 08:57:00+00
Prelevo condizioni del tempo 2016-07-11 09:57:01+00
Prelevo condizioni del tempo 2016-07-11 10:57:01+00
Prelevo condizioni del tempo 2016-07-11 11:57:02+00
Prelevo condizioni del tempo 2016-07-11 12:57:03+00
Prelevo condizioni del tempo 2016-07-11 13:57:03+00
Prelevo condizioni del tempo 2016-07-11 14:57:04+00
Prelevo condizioni del tempo 2016-07-11 15:57:04+00
Prelevo condizioni del tempo 2016-07-11 16:57:05+00
Prelevo condizioni del tempo 2016-07-11 17:57:08+00
Prelevo condizioni del tempo 2016-07-11 18:57:08+00
Prelevo condizioni del tempo 2016-07-11 19:57:08+00
Prelevo condizioni del tempo 2016-07-11 20:57:09+00
Prelevo condizioni del tempo 2016-07-11 21:57:09+00
Prelevo condizioni del tempo 2016-07-11 22:57:10+00
Prelevo condizioni del tempo 2016-07-11 23:57:10+00
Prelevo condizioni del tempo 2016-07-12 00:57:11+00
Prelevo condizioni del tempo 2016-07-12 01:57:11+00
Prelevo condizioni del tempo 2016-07-12 02:57:12+00
Prelevo condizioni del tempo 2016-07-12 03:57:12+00
Prelevo condizioni del tempo 2016-07-12 04:57:13+00
Prelevo condizioni del tempo 2016-07-12 05:57:14+00
Prelevo condizioni del tempo 2016-07-12 06:57:14+00
Prelevo condizioni del tempo 2016-07-12 07:57:14+00
Prelevo condizioni del tempo 2016-07-12 08:57:17+00
Prelevo condizioni del tempo 2016-07-12 09:57:17+00
Prelevo condizioni del tempo 2016-07-12 10:57:18+00
Prelevo condizioni del tempo 2016-07-12 11:57:18+00
Prelevo condizioni del tempo 2016-07-12 12:57:19+00
Prelevo condizioni del tempo 2016-07-12 13:57:19+00
Prelevo condizioni del tempo 2016-07-12 14:57:20+00
Prelevo condizioni del tempo 2016-07-12 15:57:20+00
Prelevo condizioni del tempo 2016-07-12 16:57:21+00
Prelevo condizioni del tempo 2016-07-12 17:57:21+00
Prelevo condizioni del tempo 2016-07-12 18:57:21+00
Prelevo condizioni del tempo 2016-07-12 19:57:22+00
Prelevo condizioni del tempo 2016-07-12 20:57:23+00
Prelevo condizioni del tempo 2016-07-12 21:57:23+00
Prelevo condizioni del tempo 2016-07-12 22:57:24+00
Prelevo condizioni del tempo 2016-07-12 23:57:24+00
Prelevo condizioni del tempo 2016-07-13 00:57:24+00
Prelevo condizioni del tempo 2016-07-13 01:57:25+00
Prelevo condizioni del tempo 2016-07-13 02:57:25+00
Prelevo condizioni del tempo 2016-07-13 03:57:26+00
Prelevo condizioni del tempo 2016-07-13 04:57:26+00
Prelevo condizioni del tempo 2016-07-13 05:57:26+00
Prelevo condizioni del tempo 2016-07-13 06:57:27+00
Prelevo condizioni del tempo 2016-07-13 07:57:27+00
Prelevo condizioni del tempo 2016-07-13 08:57:28+00
Prelevo condizioni del tempo 2016-07-13 09:57:28+00
Prelevo condizioni del tempo 2016-07-13 10:57:29+00
Prelevo condizioni del tempo 2016-07-13 11:57:29+00
Prelevo condizioni del tempo 2016-07-13 12:57:30+00
Prelevo condizioni del tempo 2016-07-13 13:57:30+00
Prelevo condizioni del tempo 2016-07-13 14:57:30+00
Prelevo condizioni del tempo 2016-07-13 15:57:31+00
Prelevo condizioni del tempo 2016-07-13 16:57:31+00
Prelevo condizioni del tempo 2016-07-13 17:57:32+00
Prelevo condizioni del tempo 2016-07-13 18:57:32+00
Prelevo condizioni del tempo 2016-07-13 19:57:33+00
Prelevo condizioni del tempo 2016-07-13 20:57:41+00
Prelevo condizioni del tempo 2016-07-13 OWM API: observation data not available - response payload: {"message": "Error: Not found city", "cod": "404"}
Traceback (most recent call last):
  File "/home/pi/domotica/ImpiantoIrrigazione/getWeatherCondition.py", line 34, in <module>
    w = observation.get_weather()
AttributeError: 'NoneType' object has no attribute 'get_weather'
