/home/pi/domotica/SensoriAcquario/pushButtonControl.py:12: RuntimeWarning: This channel is already in use, continuing anyway.  Use GPIO.setwarnings(False) to disable warnings.
  GPIO.setup(PortCfg['Lights'], GPIO.OUT)                  # PIN 23 PRESA BASSA
24
Da inserire temperatura : 28.38
Ultima temperatura letta :28.19
Temperatura variata, aggiungo nuova lettura! 28.38 : 28.19
Da inserire temperatura : 28.38
Lettura precedente non presente, inizzializzo a zero
Ultima temperatura letta :0.0
Temperatura variata, aggiungo nuova lettura! 28.38 : 0.0
Da inserire temperatura : 28.38
Ultima temperatura letta :28.38
Vado ad aggiornare la data 09/07/2016 00:00:41
Con la data : 09/07/2016 00:05:55
Path di aggiornamento : 201607.09.acquario
Da inserire temperatura : 28.38
Ultima temperatura letta :28.38
Vado ad aggiornare la data 09/07/2016 00:05:55
Con la data : 09/07/2016 00:11:09
Path di aggiornamento : 201607.09.acquario
Da inserire temperatura : 28.38
Ultima temperatura letta :28.38
Vado ad aggiornare la data 09/07/2016 00:11:09
Con la data : 09/07/2016 00:16:23
Path di aggiornamento : 201607.09.acquario
Da inserire temperatura : 28.38
Ultima temperatura letta :28.38
Vado ad aggiornare la data 09/07/2016 00:16:23
Con la data : 09/07/2016 00:21:36
Path di aggiornamento : 201607.09.acquario
Da inserire temperatura : 28.38
Ultima temperatura letta :28.38
Vado ad aggiornare la data 09/07/2016 00:21:36
Con la data : 09/07/2016 00:26:51
Path di aggiornamento : 201607.09.acquario
Da inserire temperatura : 28.38
Ultima temperatura letta :28.38
Vado ad aggiornare la data 09/07/2016 00:26:51
Con la data : 09/07/2016 00:32:05
Path di aggiornamento : 201607.09.acquario
Da inserire temperatura : 28.38
Ultima temperatura letta :28.38
Vado ad aggiornare la data 09/07/2016 00:32:05
Con la data : 09/07/2016 00:37:19
Path di aggiornamento : 201607.09.acquario
Da inserire temperatura : 28.38
Ultima temperatura letta :28.38
Vado ad aggiornare la data 09/07/2016 00:37:19
Con la data : 09/07/2016 00:42:33
Path di aggiornamento : 201607.09.acquario
Da inserire temperatura : 28.38
Ultima temperatura letta :28.38
Vado ad aggiornare la data 09/07/2016 00:42:33
Con la data : 09/07/2016 00:47:47
Path di aggiornamento : 201607.09.acquario
Da inserire temperatura : 28.38
Ultima temperatura letta :28.38
Vado ad aggiornare la data 09/07/2016 00:47:47
Con la data : 09/07/2016 00:53:00
Path di aggiornamento : 201607.09.acquario
Da inserire temperatura : 28.38
Ultima temperatura letta :28.38
Vado ad aggiornare la data 09/07/2016 00:53:00
Con la data : 09/07/2016 00:58:14
Path di aggiornamento : 201607.09.acquario
Da inserire temperatura : 28.38
Ultima temperatura letta :28.38
Vado ad aggiornare la data 09/07/2016 00:58:14
Con la data : 09/07/2016 01:03:28
Path di aggiornamento : 201607.09.acquario
Da inserire temperatura : 28.34
Ultima temperatura letta :28.38
Vado ad aggiornare la data 09/07/2016 01:03:28
Con la data : 09/07/2016 01:08:42
Path di aggiornamento : 201607.09.acquario
Da inserire temperatura : 28.36
Ultima temperatura letta :28.38
Vado ad aggiornare la data 09/07/2016 01:08:42
Con la data : 09/07/2016 01:13:56
Path di aggiornamento : 201607.09.acquario
Da inserire temperatura : 28.34
Ultima temperatura letta :28.38
Vado ad aggiornare la data 09/07/2016 01:13:56
Con la data : 09/07/2016 01:19:09
Path di aggiornamento : 201607.09.acquario
Da inserire temperatura : 28.33
Ultima temperatura letta :28.38
Vado ad aggiornare la data 09/07/2016 01:19:09
Con la data : 09/07/2016 01:24:23
Path di aggiornamento : 201607.09.acquario
Da inserire temperatura : 28.31
Ultima temperatura letta :28.38
Vado ad aggiornare la data 09/07/2016 01:24:23
Con la data : 09/07/2016 01:29:37
Path di aggiornamento : 201607.09.acquario
Da inserire temperatura : 28.31
Ultima temperatura letta :28.38
Vado ad aggiornare la data 09/07/2016 01:29:37
Con la data : 09/07/2016 01:34:51
Path di aggiornamento : 201607.09.acquario
Da inserire temperatura : 28.31
Ultima temperatura letta :28.38
Vado ad aggiornare la data 09/07/2016 01:34:51
Con la data : 09/07/2016 01:40:04
Path di aggiornamento : 201607.09.acquario
Da inserire temperatura : 28.31
Ultima temperatura letta :28.38
Vado ad aggiornare la data 09/07/2016 01:40:04
Con la data : 09/07/2016 01:45:18
Path di aggiornamento : 201607.09.acquario
Da inserire temperatura : 28.31
Ultima temperatura letta :28.38
Vado ad aggiornare la data 09/07/2016 01:45:18
Con la data : 09/07/2016 01:50:32
Path di aggiornamento : 201607.09.acquario
Da inserire temperatura : 28.31
Ultima temperatura letta :28.38
Vado ad aggiornare la data 09/07/2016 01:50:32
Con la data : 09/07/2016 01:55:46
Path di aggiornamento : 201607.09.acquario
Da inserire temperatura : 28.31
Ultima temperatura letta :28.38
Vado ad aggiornare la data 09/07/2016 01:55:46
Con la data : 09/07/2016 02:01:00
Path di aggiornamento : 201607.09.acquario
Da inserire temperatura : 28.31
Ultima temperatura letta :28.38
Vado ad aggiornare la data 09/07/2016 02:01:00
Con la data : 09/07/2016 02:06:14
Path di aggiornamento : 201607.09.acquario
Da inserire temperatura : 28.31
Ultima temperatura letta :28.38
Vado ad aggiornare la data 09/07/2016 02:06:14
Con la data : 09/07/2016 02:11:27
Path di aggiornamento : 201607.09.acquario
Da inserire temperatura : 28.31
Ultima temperatura letta :28.38
Vado ad aggiornare la data 09/07/2016 02:11:27
Con la data : 09/07/2016 02:16:41
Path di aggiornamento : 201607.09.acquario
Da inserire temperatura : 28.31
Ultima temperatura letta :28.38
Vado ad aggiornare la data 09/07/2016 02:16:41
Con la data : 09/07/2016 02:21:55
Path di aggiornamento : 201607.09.acquario
Da inserire temperatura : 28.31
Ultima temperatura letta :28.38
Vado ad aggiornare la data 09/07/2016 02:21:55
Con la data : 09/07/2016 02:27:09
Path di aggiornamento : 201607.09.acquario
Da inserire temperatura : 28.31
Ultima temperatura letta :28.38
Vado ad aggiornare la data 09/07/2016 02:27:09
Con la data : 09/07/2016 02:32:23
Path di aggiornamento : 201607.09.acquario
Da inserire temperatura : 28.31
Ultima temperatura letta :28.38
Vado ad aggiornare la data 09/07/2016 02:32:23
Con la data : 09/07/2016 02:37:36
Path di aggiornamento : 201607.09.acquario
Da inserire temperatura : 28.31
Ultima temperatura letta :28.38
Vado ad aggiornare la data 09/07/2016 02:37:36
Con la data : 09/07/2016 02:42:50
Path di aggiornamento : 201607.09.acquario
Da inserire temperatura : 28.31
Ultima temperatura letta :28.38
Vado ad aggiornare la data 09/07/2016 02:42:50
Con la data : 09/07/2016 02:48:04
Path di aggiornamento : 201607.09.acquario
Da inserire temperatura : 28.31
Ultima temperatura letta :28.38
Vado ad aggiornare la data 09/07/2016 02:48:04
Con la data : 09/07/2016 02:53:18
Path di aggiornamento : 201607.09.acquario
Da inserire temperatura : 28.31
Ultima temperatura letta :28.38
Vado ad aggiornare la data 09/07/2016 02:53:18
Con la data : 09/07/2016 02:58:32
Path di aggiornamento : 201607.09.acquario
Da inserire temperatura : 28.31
Ultima temperatura letta :28.38
Vado ad aggiornare la data 09/07/2016 02:58:32
Con la data : 09/07/2016 03:03:46
Path di aggiornamento : 201607.09.acquario
Da inserire temperatura : 28.31
Ultima temperatura letta :28.38
Vado ad aggiornare la data 09/07/2016 03:03:46
Con la data : 09/07/2016 03:09:00
Path di aggiornamento : 201607.09.acquario
Da inserire temperatura : 28.31
Ultima temperatura letta :28.38
Vado ad aggiornare la data 09/07/2016 03:09:00
Con la data : 09/07/2016 03:14:15
Path di aggiornamento : 201607.09.acquario
Da inserire temperatura : 28.31
Ultima temperatura letta :28.38
Vado ad aggiornare la data 09/07/2016 03:14:15
Con la data : 09/07/2016 03:19:29
Path di aggiornamento : 201607.09.acquario
Da inserire temperatura : 28.31
Ultima temperatura letta :28.38
Vado ad aggiornare la data 09/07/2016 03:19:29
Con la data : 09/07/2016 03:24:42
Path di aggiornamento : 201607.09.acquario
Da inserire temperatura : 28.31
Ultima temperatura letta :28.38
Vado ad aggiornare la data 09/07/2016 03:24:42
Con la data : 09/07/2016 03:29:56
Path di aggiornamento : 201607.09.acquario
Da inserire temperatura : 28.31
Ultima temperatura letta :28.38
Vado ad aggiornare la data 09/07/2016 03:29:56
Con la data : 09/07/2016 03:35:10
Path di aggiornamento : 201607.09.acquario
Da inserire temperatura : 28.27
Ultima temperatura letta :28.38
Temperatura variata, aggiungo nuova lettura! 28.27 : 28.38
Da inserire temperatura : 28.25
Ultima temperatura letta :28.27
Vado ad aggiornare la data 09/07/2016 03:40:23
Con la data : 09/07/2016 03:45:37
Path di aggiornamento : 201607.09.acquario
Da inserire temperatura : 28.25
Ultima temperatura letta :28.27
Vado ad aggiornare la data 09/07/2016 03:45:37
Con la data : 09/07/2016 03:50:51
Path di aggiornamento : 201607.09.acquario
Da inserire temperatura : 28.25
Ultima temperatura letta :28.27
Vado ad aggiornare la data 09/07/2016 03:50:51
Con la data : 09/07/2016 03:56:04
Path di aggiornamento : 201607.09.acquario
Da inserire temperatura : 28.25
Ultima temperatura letta :28.27
Vado ad aggiornare la data 09/07/2016 03:56:04
Con la data : 09/07/2016 04:01:18
Path di aggiornamento : 201607.09.acquario
Da inserire temperatura : 28.25
Ultima temperatura letta :28.27
Vado ad aggiornare la data 09/07/2016 04:01:18
Con la data : 09/07/2016 04:06:33
Path di aggiornamento : 201607.09.acquario
Da inserire temperatura : 28.25
Ultima temperatura letta :28.27
Vado ad aggiornare la data 09/07/2016 04:06:33
Con la data : 09/07/2016 04:11:47
Path di aggiornamento : 201607.09.acquario
Da inserire temperatura : 28.25
Ultima temperatura letta :28.27
Vado ad aggiornare la data 09/07/2016 04:11:47
Con la data : 09/07/2016 04:17:00
Path di aggiornamento : 201607.09.acquario
Da inserire temperatura : 28.25
Ultima temperatura letta :28.27
Vado ad aggiornare la data 09/07/2016 04:17:00
Con la data : 09/07/2016 04:22:15
Path di aggiornamento : 201607.09.acquario
Da inserire temperatura : 28.25
Ultima temperatura letta :28.27
Vado ad aggiornare la data 09/07/2016 04:22:15
Con la data : 09/07/2016 04:27:29
Path di aggiornamento : 201607.09.acquario
Da inserire temperatura : 28.25
Ultima temperatura letta :28.27
Vado ad aggiornare la data 09/07/2016 04:27:29
Con la data : 09/07/2016 04:32:43
Path di aggiornamento : 201607.09.acquario
Da inserire temperatura : 28.25
Ultima temperatura letta :28.27
Vado ad aggiornare la data 09/07/2016 04:32:43
Con la data : 09/07/2016 04:37:57
Path di aggiornamento : 201607.09.acquario
Da inserire temperatura : 28.25
Ultima temperatura letta :28.27
Vado ad aggiornare la data 09/07/2016 04:37:57
Con la data : 09/07/2016 04:43:11
Path di aggiornamento : 201607.09.acquario
Da inserire temperatura : 28.25
Ultima temperatura letta :28.27
Vado ad aggiornare la data 09/07/2016 04:43:11
Con la data : 09/07/2016 04:48:25
Path di aggiornamento : 201607.09.acquario
Da inserire temperatura : 28.25
Ultima temperatura letta :28.27
Vado ad aggiornare la data 09/07/2016 04:48:25
Con la data : 09/07/2016 04:53:39
Path di aggiornamento : 201607.09.acquario
Da inserire temperatura : 28.25
Ultima temperatura letta :28.27
Vado ad aggiornare la data 09/07/2016 04:53:39
Con la data : 09/07/2016 04:58:52
Path di aggiornamento : 201607.09.acquario
Da inserire temperatura : 28.25
Ultima temperatura letta :28.27
Vado ad aggiornare la data 09/07/2016 04:58:52
Con la data : 09/07/2016 05:04:06
Path di aggiornamento : 201607.09.acquario
Da inserire temperatura : 28.25
Ultima temperatura letta :28.27
Vado ad aggiornare la data 09/07/2016 05:04:06
Con la data : 09/07/2016 05:09:20
Path di aggiornamento : 201607.09.acquario
Da inserire temperatura : 28.25
Ultima temperatura letta :28.27
Vado ad aggiornare la data 09/07/2016 05:09:20
Con la data : 09/07/2016 05:14:34
Path di aggiornamento : 201607.09.acquario
Da inserire temperatura : 28.21
Ultima temperatura letta :28.27
Vado ad aggiornare la data 09/07/2016 05:14:34
Con la data : 09/07/2016 05:19:48
Path di aggiornamento : 201607.09.acquario
Da inserire temperatura : 28.21
Ultima temperatura letta :28.27
Vado ad aggiornare la data 09/07/2016 05:19:48
Con la data : 09/07/2016 05:25:01
Path di aggiornamento : 201607.09.acquario
Da inserire temperatura : 28.19
Ultima temperatura letta :28.27
Vado ad aggiornare la data 09/07/2016 05:25:01
Con la data : 09/07/2016 05:30:15
Path di aggiornamento : 201607.09.acquario
Da inserire temperatura : 28.19
Ultima temperatura letta :28.27
Vado ad aggiornare la data 09/07/2016 05:30:15
Con la data : 09/07/2016 05:35:29
Path di aggiornamento : 201607.09.acquario
Da inserire temperatura : 28.19
Ultima temperatura letta :28.27
Vado ad aggiornare la data 09/07/2016 05:35:29
Con la data : 09/07/2016 05:40:43
Path di aggiornamento : 201607.09.acquario
Da inserire temperatura : 28.19
Ultima temperatura letta :28.27
Vado ad aggiornare la data 09/07/2016 05:40:43
Con la data : 09/07/2016 05:45:57
Path di aggiornamento : 201607.09.acquario
Da inserire temperatura : 28.19
Ultima temperatura letta :28.27
Vado ad aggiornare la data 09/07/2016 05:45:57
Con la data : 09/07/2016 05:51:10
Path di aggiornamento : 201607.09.acquario
Da inserire temperatura : 28.19
Ultima temperatura letta :28.27
Vado ad aggiornare la data 09/07/2016 05:51:10
Con la data : 09/07/2016 05:56:24
Path di aggiornamento : 201607.09.acquario
Da inserire temperatura : 28.19
Ultima temperatura letta :28.27
Vado ad aggiornare la data 09/07/2016 05:56:24
Con la data : 09/07/2016 06:01:39
Path di aggiornamento : 201607.09.acquario
Da inserire temperatura : 28.19
Ultima temperatura letta :28.27
Vado ad aggiornare la data 09/07/2016 06:01:39
Con la data : 09/07/2016 06:06:52
Path di aggiornamento : 201607.09.acquario
Da inserire temperatura : 28.19
Ultima temperatura letta :28.27
Vado ad aggiornare la data 09/07/2016 06:06:52
Con la data : 09/07/2016 06:12:06
Path di aggiornamento : 201607.09.acquario
Da inserire temperatura : 28.19
Ultima temperatura letta :28.27
Vado ad aggiornare la data 09/07/2016 06:12:06
Con la data : 09/07/2016 06:17:20
Path di aggiornamento : 201607.09.acquario
Da inserire temperatura : 28.19
Ultima temperatura letta :28.27
Vado ad aggiornare la data 09/07/2016 06:17:20
Con la data : 09/07/2016 06:22:34
Path di aggiornamento : 201607.09.acquario
Da inserire temperatura : 28.19
Ultima temperatura letta :28.27
Vado ad aggiornare la data 09/07/2016 06:22:34
Con la data : 09/07/2016 06:27:47
Path di aggiornamento : 201607.09.acquario
Da inserire temperatura : 28.19
Ultima temperatura letta :28.27
Vado ad aggiornare la data 09/07/2016 06:27:47
Con la data : 09/07/2016 06:33:01
Path di aggiornamento : 201607.09.acquario
Da inserire temperatura : 28.19
Ultima temperatura letta :28.27
Vado ad aggiornare la data 09/07/2016 06:33:01
Con la data : 09/07/2016 06:38:15
Path di aggiornamento : 201607.09.acquario
Da inserire temperatura : 28.19
Ultima temperatura letta :28.27
Vado ad aggiornare la data 09/07/2016 06:38:15
Con la data : 09/07/2016 06:43:29
Path di aggiornamento : 201607.09.acquario
Da inserire temperatura : 28.17
Ultima temperatura letta :28.27
Vado ad aggiornare la data 09/07/2016 06:43:29
Con la data : 09/07/2016 06:48:43
Path di aggiornamento : 201607.09.acquario
Da inserire temperatura : 28.13
Ultima temperatura letta :28.27
Temperatura variata, aggiungo nuova lettura! 28.13 : 28.27
Da inserire temperatura : 28.14
Ultima temperatura letta :28.13
Vado ad aggiornare la data 09/07/2016 06:53:56
Con la data : 09/07/2016 06:59:10
Path di aggiornamento : 201607.09.acquario
Da inserire temperatura : 28.13
Ultima temperatura letta :28.13
Vado ad aggiornare la data 09/07/2016 06:59:10
Con la data : 09/07/2016 07:04:24
Path di aggiornamento : 201607.09.acquario
Da inserire temperatura : 28.13
Ultima temperatura letta :28.13
Vado ad aggiornare la data 09/07/2016 07:04:24
Con la data : 09/07/2016 07:09:38
Path di aggiornamento : 201607.09.acquario
Da inserire temperatura : 28.13
Ultima temperatura letta :28.13
Vado ad aggiornare la data 09/07/2016 07:09:38
Con la data : 09/07/2016 07:14:51
Path di aggiornamento : 201607.09.acquario
Da inserire temperatura : 28.13
Ultima temperatura letta :28.13
Vado ad aggiornare la data 09/07/2016 07:14:51
Con la data : 09/07/2016 07:20:06
Path di aggiornamento : 201607.09.acquario
Da inserire temperatura : 28.13
Ultima temperatura letta :28.13
Vado ad aggiornare la data 09/07/2016 07:20:06
Con la data : 09/07/2016 07:25:20
Path di aggiornamento : 201607.09.acquario
Da inserire temperatura : 28.13
Ultima temperatura letta :28.13
Vado ad aggiornare la data 09/07/2016 07:25:20
Con la data : 09/07/2016 07:30:33
Path di aggiornamento : 201607.09.acquario
Da inserire temperatura : 28.13
Ultima temperatura letta :28.13
Vado ad aggiornare la data 09/07/2016 07:30:33
Con la data : 09/07/2016 07:35:47
Path di aggiornamento : 201607.09.acquario
Da inserire temperatura : 28.13
Ultima temperatura letta :28.13
Vado ad aggiornare la data 09/07/2016 07:35:47
Con la data : 09/07/2016 07:41:01
Path di aggiornamento : 201607.09.acquario
Da inserire temperatura : 28.13
Ultima temperatura letta :28.13
Vado ad aggiornare la data 09/07/2016 07:41:01
Con la data : 09/07/2016 07:46:15
Path di aggiornamento : 201607.09.acquario
Da inserire temperatura : 28.13
Ultima temperatura letta :28.13
Vado ad aggiornare la data 09/07/2016 07:46:15
Con la data : 09/07/2016 07:51:29
Path di aggiornamento : 201607.09.acquario
Da inserire temperatura : 28.13
Ultima temperatura letta :28.13
Vado ad aggiornare la data 09/07/2016 07:51:29
Con la data : 09/07/2016 07:56:42
Path di aggiornamento : 201607.09.acquario
Da inserire temperatura : 28.13
Ultima temperatura letta :28.13
Vado ad aggiornare la data 09/07/2016 07:56:42
Con la data : 09/07/2016 08:01:56
Path di aggiornamento : 201607.09.acquario
Da inserire temperatura : 28.13
Ultima temperatura letta :28.13
Vado ad aggiornare la data 09/07/2016 08:01:56
Con la data : 09/07/2016 08:07:10
Path di aggiornamento : 201607.09.acquario
Da inserire temperatura : 28.13
Ultima temperatura letta :28.13
Vado ad aggiornare la data 09/07/2016 08:07:10
Con la data : 09/07/2016 08:12:24
Path di aggiornamento : 201607.09.acquario
Da inserire temperatura : 28.1
Ultima temperatura letta :28.13
Vado ad aggiornare la data 09/07/2016 08:12:24
Con la data : 09/07/2016 08:17:38
Path di aggiornamento : 201607.09.acquario
Da inserire temperatura : 28.06
Ultima temperatura letta :28.13
Vado ad aggiornare la data 09/07/2016 08:17:38
Con la data : 09/07/2016 08:22:52
Path di aggiornamento : 201607.09.acquario
Da inserire temperatura : 28.06
Ultima temperatura letta :28.13
Vado ad aggiornare la data 09/07/2016 08:22:52
Con la data : 09/07/2016 08:28:07
Path di aggiornamento : 201607.09.acquario
Da inserire temperatura : 28.08
Ultima temperatura letta :28.13
Vado ad aggiornare la data 09/07/2016 08:28:07
Con la data : 09/07/2016 08:33:20
Path di aggiornamento : 201607.09.acquario
Da inserire temperatura : 28.06
Ultima temperatura letta :28.13
Vado ad aggiornare la data 09/07/2016 08:33:20
Con la data : 09/07/2016 08:38:34
Path di aggiornamento : 201607.09.acquario
Da inserire temperatura : 28.06
Ultima temperatura letta :28.13
Vado ad aggiornare la data 09/07/2016 08:38:34
Con la data : 09/07/2016 08:43:48
Path di aggiornamento : 201607.09.acquario
Da inserire temperatura : 28.06
Ultima temperatura letta :28.13
Vado ad aggiornare la data 09/07/2016 08:43:48
Con la data : 09/07/2016 08:49:02
Path di aggiornamento : 201607.09.acquario
Da inserire temperatura : 28.06
Ultima temperatura letta :28.13
Vado ad aggiornare la data 09/07/2016 08:49:02
Con la data : 09/07/2016 08:54:16
Path di aggiornamento : 201607.09.acquario
Da inserire temperatura : 28.06
Ultima temperatura letta :28.13
Vado ad aggiornare la data 09/07/2016 08:54:16
Con la data : 09/07/2016 08:59:30
Path di aggiornamento : 201607.09.acquario
Da inserire temperatura : 28.06
Ultima temperatura letta :28.13
Vado ad aggiornare la data 09/07/2016 08:59:30
Con la data : 09/07/2016 09:04:44
Path di aggiornamento : 201607.09.acquario
Da inserire temperatura : 28.06
Ultima temperatura letta :28.13
Vado ad aggiornare la data 09/07/2016 09:04:44
Con la data : 09/07/2016 09:09:58
Path di aggiornamento : 201607.09.acquario
Da inserire temperatura : 0.0
Ultima temperatura letta :28.13
Temperatura variata, aggiungo nuova lettura! 0.0 : 28.13
Traceback (most recent call last):
  File "/home/pi/domotica/SensoriAcquario/getTemp.py", line 54, in <module>
    tempArray.append(read_temp())
  File "/home/pi/domotica/SensoriAcquario/getTemp.py", line 38, in read_temp
    lines = read_temp_raw()
  File "/home/pi/domotica/SensoriAcquario/getTemp.py", line 32, in read_temp_raw
    f = open(device_file,'r')
IOError: [Errno 2] No such file or directory: '/sys/bus/w1/devices/28-8000002636f3/w1_slave'
getTemp.py:26: RuntimeWarning: This channel is already in use, continuing anyway.  Use GPIO.setwarnings(False) to disable warnings.
  GPIO.setup(HEATER, GPIO.OUT)
24
Da inserire temperatura : 28.0
Ultima temperatura letta :28.0
Vado ad aggiornare la data 09/07/2016 20:37:29
Con la data : 09/07/2016 20:38:46
Path di aggiornamento : 201607.09.acquario
Da inserire temperatura : 28.0
Ultima temperatura letta :28.0
Vado ad aggiornare la data 09/07/2016 20:38:46
Con la data : 09/07/2016 20:43:59
Path di aggiornamento : 201607.09.acquario
Da inserire temperatura : 28.0
Ultima temperatura letta :28.0
Vado ad aggiornare la data 09/07/2016 20:43:59
Con la data : 09/07/2016 20:49:13
Path di aggiornamento : 201607.09.acquario
Da inserire temperatura : 28.06
Ultima temperatura letta :28.0
Vado ad aggiornare la data 09/07/2016 20:49:13
Con la data : 09/07/2016 20:54:27
Path di aggiornamento : 201607.09.acquario
Da inserire temperatura : 28.06
Ultima temperatura letta :28.0
Vado ad aggiornare la data 09/07/2016 20:54:27
Con la data : 09/07/2016 20:59:41
Path di aggiornamento : 201607.09.acquario
Da inserire temperatura : 28.11
Ultima temperatura letta :28.0
Temperatura variata, aggiungo nuova lettura! 28.11 : 28.0
Da inserire temperatura : 28.13
Ultima temperatura letta :28.11
Vado ad aggiornare la data 09/07/2016 21:04:55
Con la data : 09/07/2016 21:10:09
Path di aggiornamento : 201607.09.acquario
Da inserire temperatura : 28.13
Ultima temperatura letta :28.11
Vado ad aggiornare la data 09/07/2016 21:10:09
Con la data : 09/07/2016 21:15:23
Path di aggiornamento : 201607.09.acquario
Da inserire temperatura : 28.19
Ultima temperatura letta :28.11
Vado ad aggiornare la data 09/07/2016 21:15:23
Con la data : 09/07/2016 21:20:37
Path di aggiornamento : 201607.09.acquario
Da inserire temperatura : 28.19
Ultima temperatura letta :28.11
Vado ad aggiornare la data 09/07/2016 21:20:37
Con la data : 09/07/2016 21:25:50
Path di aggiornamento : 201607.09.acquario
Da inserire temperatura : 28.19
Ultima temperatura letta :28.11
Vado ad aggiornare la data 09/07/2016 21:25:50
Con la data : 09/07/2016 21:31:04
Path di aggiornamento : 201607.09.acquario
Da inserire temperatura : 28.25
Ultima temperatura letta :28.11
Temperatura variata, aggiungo nuova lettura! 28.25 : 28.11
Da inserire temperatura : 28.25
Ultima temperatura letta :28.25
Vado ad aggiornare la data 09/07/2016 21:36:18
Con la data : 09/07/2016 21:41:32
Path di aggiornamento : 201607.09.acquario
Da inserire temperatura : 28.29
Ultima temperatura letta :28.25
Vado ad aggiornare la data 09/07/2016 21:41:32
Con la data : 09/07/2016 21:46:45
Path di aggiornamento : 201607.09.acquario
Da inserire temperatura : 28.31
Ultima temperatura letta :28.25
Vado ad aggiornare la data 09/07/2016 21:46:45
Con la data : 09/07/2016 21:51:59
Path di aggiornamento : 201607.09.acquario
Da inserire temperatura : 28.31
Ultima temperatura letta :28.25
Vado ad aggiornare la data 09/07/2016 21:51:59
Con la data : 09/07/2016 21:57:13
Path di aggiornamento : 201607.09.acquario
Da inserire temperatura : 28.36
Ultima temperatura letta :28.25
Temperatura variata, aggiungo nuova lettura! 28.36 : 28.25
Da inserire temperatura : 28.38
Ultima temperatura letta :28.36
Vado ad aggiornare la data 09/07/2016 22:02:27
Con la data : 09/07/2016 22:07:41
Path di aggiornamento : 201607.09.acquario
Da inserire temperatura : 28.38
Ultima temperatura letta :28.36
Vado ad aggiornare la data 09/07/2016 22:07:41
Con la data : 09/07/2016 22:12:55
Path di aggiornamento : 201607.09.acquario
Da inserire temperatura : 28.39
Ultima temperatura letta :28.36
Vado ad aggiornare la data 09/07/2016 22:12:55
Con la data : 09/07/2016 22:18:08
Path di aggiornamento : 201607.09.acquario
Da inserire temperatura : 28.44
Ultima temperatura letta :28.36
Vado ad aggiornare la data 09/07/2016 22:18:08
Con la data : 09/07/2016 22:23:22
Path di aggiornamento : 201607.09.acquario
Da inserire temperatura : 28.44
Ultima temperatura letta :28.36
Vado ad aggiornare la data 09/07/2016 22:23:22
Con la data : 09/07/2016 22:28:36
Path di aggiornamento : 201607.09.acquario
Da inserire temperatura : 28.44
Ultima temperatura letta :28.36
Vado ad aggiornare la data 09/07/2016 22:28:36
Con la data : 09/07/2016 22:33:50
Path di aggiornamgetTemp.py:26: RuntimeWarning: This channel is already in use, continuing anyway.  Use GPIO.setwarnings(False) to disable warnings.
  GPIO.setup(HEATER, GPIO.OUT)
/home/pi/domotica/SensoriAcquario/pushButtonControl.py:12: RuntimeWarning: This channel is already in use, continuing anyway.  Use GPIO.setwarnings(False) to disable warnings.
  GPIO.setup(PortCfg['Lights'], GPIO.OUT)                  # PIN 23 PRESA BASSA
24
Da inserire temperatura : 28.69
Ultima temperatura letta :28.63
Vado ad aggiornare la data 09/07/2016 23:31:24
Con la data : 09/07/2016 23:46:48
Path di aggiornamento : 201607.09.acquario
Da inserire temperatura : 28.69
Ultima temperatura letta :28.63
Vado ad aggiornare la data 09/07/2016 23:46:48
Con la data : 09/07/2016 23:52:02
Path di aggiornamento : 201607.09.acquario
Da inserire temperatura : 28.69
Ultima temperatura letta :28.63
Vado ad aggiornare la data 09/07/2016 23:52:02
Con la data : 09/07/2016 23:57:16
Path di aggiornamento : 201607.09.acquario
Da inserire temperatura : 28.69
Lettura precedente non presente, inizzializzo a zero
Ultima temperatura letta :0.0
Temperatura variata, aggiungo nuova lettura! 28.69 : 0.0
Da inserire temperatura : 28.69
Ultima temperatura letta :28.69
Vado ad aggiornare la data 10/07/2016 00:02:30
Con la data : 10/07/2016 00:07:44
Path di aggiornamento : 201607.10.acquario
Da inserire temperatura : 28.69
Ultima temperatura letta :28.69
Vado ad aggiornare la data 10/07/2016 00:07:44
Con la data : 10/07/2016 00:12:57
Path di aggiornamento : 201607.10.acquario
Da inserire temperatura : 28.69
Ultima temperatura letta :28.69
Vado ad aggiornare la data 10/07/2016 00:12:57
Con la data : 10/07/2016 00:18:11
Path di aggiornamento : 201607.10.acquario
Da inserire temperatura : 28.69
Ultima temperatura letta :28.69
Vado ad aggiornare la data 10/07/2016 00:18:11
Con la data : 10/07/2016 00:23:25
Path di aggiornamento : 201607.10.acquario
Da inserire temperatura : 28.69
Ultima temperatura letta :28.69
Vado ad aggiornare la data 10/07/2016 00:23:25
Con la data : 10/07/2016 00:28:39
Path di aggiornamento : 201607.10.acquario
Da inserire temperatura : 28.69
Ultima temperatura letta :28.69
Vado ad aggiornare la data 10/07/2016 00:28:39
Con la data : 10/07/2016 00:33:53
Path di aggiornamento : 201607.10.acquario
Da inserire temperatura : 28.69
Ultima temperatura letta :28.69
Vado ad aggiornare la data 10/07/2016 00:33:53
Con la data : 10/07/2016 00:39:07
Path di aggiornamento : 201607.10.acquario
Da inserire temperatura : 28.69
Ultima temperatura letta :28.69
Vado ad aggiornare la data 10/07/2016 00:39:07
Con la data : 10/07/2016 00:44:22
Path di aggiornamento : 201607.10.acquario
Da inserire temperatura : 28.69
Ultima temperatura letta :28.69
Vado ad aggiornare la data 10/07/2016 00:44:22
Con la data : 10/07/2016 00:49:36
Path di aggiornamento : 201607.10.acquario
Da inserire temperatura : 28.69
Ultima temperatura letta :28.69
Vado ad aggiornare la data 10/07/2016 00:49:36
Con la data : 10/07/2016 00:54:49
Path di aggiornamento : 201607.10.acquario
Da inserire temperatura : 28.69
Ultima temperatura letta :28.69
Vado ad aggiornare la data 10/07/2016 00:54:49
Con la data : 10/07/2016 01:00:04
Path di aggiornamento : 201607.10.acquario
Da inserire temperatura : 28.69
Ultima temperatura letta :28.69
Vado ad aggiornare la data 10/07/2016 01:00:04
Con la data : 10/07/2016 01:05:18
Path di aggiornamento : 201607.10.acquario
Da inserire temperatura : 28.69
Ultima temperatura letta :28.69
Vado ad aggiornare la data 10/07/2016 01:05:18
Con la data : 10/07/2016 01:10:31
Path di aggiornamento : 201607.10.acquario
Da inserire temperatura : 28.69
Ultima temperatura letta :28.69
Vado ad aggiornare la data 10/07/2016 01:10:31
Con la data : 10/07/2016 01:15:45
Path di aggiornamento : 201607.10.acquario
Da inserire temperatura : 28.69
Ultima temperatura letta :28.69
Vado ad aggiornare la data 10/07/2016 01:15:45
Con la data : 10/07/2016 01:20:59
Path di aggiornamento : 201607.10.acquario
Da inserire temperatura : 28.69
Ultima temperatura letta :28.69
Vado ad aggiornare la data 10/07/2016 01:20:59
Con la data : 10/07/2016 01:26:13
Path di aggiornamento : 201607.10.acquario
Da inserire temperatura : 28.69
Ultima temperatura letta :28.69
Vado ad aggiornare la data 10/07/2016 01:26:13
Con la data : 10/07/2016 01:31:27
Path di aggiornamento : 201607.10.acquario
Da inserire temperatura : 28.69
Ultima temperatura letta :28.69
Vado ad aggiornare la data 10/07/2016 01:31:27
Con la data : 10/07/2016 01:36:40
Path di aggiornamento : 201607.10.acquario
Da inserire temperatura : 28.69
Ultima temperatura letta :28.69
Vado ad aggiornare la data 10/07/2016 01:36:40
Con la data : 10/07/2016 01:41:54
Path di aggiornamento : 201607.10.acquario
Da inserire temperatura : 28.69
Ultima temperatura letta :28.69
Vado ad aggiornare la data 10/07/2016 01:41:54
Con la data : 10/07/2016 01:47:08
Path di aggiornamento : 201607.10.acquario
Da inserire temperatura : 28.67
Ultima temperatura letta :28.69
Vado ad aggiornare la data 10/07/2016 01:47:08
Con la data : 10/07/2016 01:52:22
Path di aggiornamento : 201607.10.acquario
Da inserire temperatura : 28.64
Ultima temperatura letta :28.69
Vado ad aggiornare la data 10/07/2016 01:52:22
Con la data : 10/07/2016 01:57:36
Path di aggiornamento : 201607.10.acquario
Da inserire temperatura : 28.64
Ultima temperatura letta :28.69
Vado ad aggiornare la data 10/07/2016 01:57:36
Con la data : 10/07/2016 02:02:50
Path di aggiornamento : 201607.10.acquario
Da inserire temperatura : 28.65
Ultima temperatura letta :28.69
Vado ad aggiornare la data 10/07/2016 02:02:50
Con la data : 10/07/2016 02:08:04
Path di aggiornamento : 201607.10.acquario
Da inserire temperatura : 28.63
Ultima temperatura letta :28.69
Vado ad aggiornare la data 10/07/2016 02:08:04
Con la data : 10/07/2016 02:13:18
Path di aggiornamento : 201607.10.acquario
Da inserire temperatura : 28.63
Ultima temperatura letta :28.69
Vado ad aggiornare la data 10/07/2016 02:13:18
Con la data : 10/07/2016 02:18:32
Path di aggiornamento : 201607.10.acquario
Da inserire temperatura : 28.63
Ultima temperatura letta :28.69
Vado ad aggiornare la data 10/07/2016 02:18:32
Con la data : 10/07/2016 02:23:45
Path di aggiornamento : 201607.10.acquario
Da inserire temperatura : 28.63
Ultima temperatura letta :28.69
Vado ad aggiornare la data 10/07/2016 02:23:45
Con la data : 10/07/2016 02:28:59
Path di aggiornamento : 201607.10.acquario
Da inserire temperatura : 28.63
Ultima temperatura letta :28.69
Vado ad aggiornare la data 10/07/2016 02:28:59
Con la data : 10/07/2016 02:34:13
Path di aggiornamento : 201607.10.acquario
Da inserire temperatura : 28.63
Ultima temperatura letta :28.69
Vado ad aggiornare la data 10/07/2016 02:34:13
Con la data : 10/07/2016 02:39:27
Path di aggiornamento : 201607.10.acquario
Da inserire temperatura : 28.63
Ultima temperatura letta :28.69
Vado ad aggiornare la data 10/07/2016 02:39:27
Con la data : 10/07/2016 02:44:41
Path di aggiornamento : 201607.10.acquario
Da inserire temperatura : 28.63
Ultima temperatura letta :28.69
Vado ad aggiornare la data 10/07/2016 02:44:41
Con la data : 10/07/2016 02:49:55
Path di aggiornamento : 201607.10.acquario
Da inserire temperatura : 28.63
Ultima temperatura letta :28.69
Vado ad aggiornare la data 10/07/2016 02:49:55
Con la data : 10/07/2016 02:55:09
Path di aggiornamento : 201607.10.acquario
Da inserire temperatura : 28.63
Ultima temperatura letta :28.69
Vado ad aggiornare la data 10/07/2016 02:55:09
Con la data : 10/07/2016 03:00:23
Path di aggiornamento : 201607.10.acquario
Da inserire temperatura : 28.63
Ultima temperatura letta :28.69
Vado ad aggiornare la data 10/07/2016 03:00:23
Con la data : 10/07/2016 03:05:37
Path di aggiornamento : 201607.10.acquario
Da inserire temperatura : 28.63
Ultima temperatura letta :28.69
Vado ad aggiornare la data 10/07/2016 03:05:37
Con la data : 10/07/2016 03:10:50
Path di aggiornamento : 201607.10.acquario
Da inserire temperatura : 28.63
Ultima temperatura letta :28.69
Vado ad aggiornare la data 10/07/2016 03:10:50
Con la data : 10/07/2016 03:16:04
Path di aggiornamento : 201607.10.acquario
Da inserire temperatura : 28.63
Ultima temperatura letta :28.69
Vado ad aggiornare la data 10/07/2016 03:16:04
Con la data : 10/07/2016 03:21:18
Path di aggiornamento : 201607.10.acquario
Da inserire temperatura : 28.63
Ultima temperatura letta :28.69
Vado ad aggiornare la data 10/07/2016 03:21:18
Con la data : 10/07/2016 03:26:32
Path di aggiornamento : 201607.10.acquario
Da inserire temperatura : 28.63
Ultima temperatura letta :28.69
Vado ad aggiornare la data 10/07/2016 03:26:32
Con la data : 10/07/2016 03:31:46
Path di aggiornamento : 201607.10.acquario
Da inserire temperatura : 28.63
Ultima temperatura letta :28.69
Vado ad aggiornare la data 10/07/2016 03:31:46
Con la data : 10/07/2016 03:37:00
Path di aggiornamento : 201607.10.acquario
Da inserire temperatura : 28.63
Ultima temperatura letta :28.69
Vado ad aggiornare la data 10/07/2016 03:37:00
Con la data : 10/07/2016 03:42:13
Path di aggiornamento : 201607.10.acquario
Da inserire temperatura : 28.63
Ultima temperatura letta :28.69
Vado ad aggiornare la data 10/07/2016 03:42:13
Con la data : 10/07/2016 03:47:27
Path di aggiornamento : 201607.10.acquario
Da inserire temperatura : 28.63
Ultima temperatura letta :28.69
Vado ad aggiornare la data 10/07/2016 03:47:27
Con la data : 10/07/2016 03:52:42
Path di aggiornamento : 201607.10.acquario
Da inserire temperatura : 28.63
Ultima temperatura letta :28.69
Vado ad aggiornare la data 10/07/2016 03:52:42
Con la data : 10/07/2016 03:57:56
Path di aggiornamento : 201607.10.acquario
Da inserire temperatura : 28.63
Ultima temperatura letta :28.69
Vado ad aggiornare la data 10/07/2016 03:57:56
Con la data : 10/07/2016 04:03:10
Path di aggiornamento : 201607.10.acquario
Da inserire temperatura : 28.63
Ultima temperatura letta :28.69
Vado ad aggiornare la data 10/07/2016 04:03:10
Con la data : 10/07/2016 04:08:24
Path di aggiornamento : 201607.10.acquario
Da inserire temperatura : 28.63
Ultima temperatura letta :28.69
Vado ad aggiornare la data 10/07/2016 04:08:24
Con la data : 10/07/2016 04:13:38
Path di aggiornamento : 201607.10.acquario
Da inserire temperatura : 28.63
Ultima temperatura letta :28.69
Vado ad aggiornare la data 10/07/2016 04:13:38
Con la data : 10/07/2016 04:18:52
Path di aggiornamento : 201607.10.acquario
Da inserire temperatura : 28.63
Ultima temperatura letta :28.69
Vado ad aggiornare la data 10/07/2016 04:18:52
Con la data : 10/07/2016 04:24:05
Path di aggiornamento : 201607.10.acquario
Da inserire temperatura : 28.63
Ultima temperatura letta :28.69
Vado ad aggiornare la data 10/07/2016 04:24:05
Con la data : 10/07/2016 04:29:20
Path di aggiornamento : 201607.10.acquario
Da inserire temperatura : 28.63
Ultima temperatura letta :28.69
Vado ad aggiornare la data 10/07/2016 04:29:20
Con la data : 10/07/2016 04:34:34
Path di aggiornamento : 201607.10.acquario
Da inserire temperatura : 28.6
Ultima temperatura letta :28.69
Vado ad aggiornare la data 10/07/2016 04:34:34
Con la data : 10/07/2016 04:39:48
Path di aggiornamento : 201607.10.acquario
Da inserire temperatura : 28.59
Ultima temperatura letta :28.69
Temperatura variata, aggiungo nuova lettura! 28.59 : 28.69
Da inserire temperatura : 28.56
Ultima temperatura letta :28.59
Vado ad aggiornare la data 10/07/2016 04:45:02
Con la data : 10/07/2016 04:50:15
Path di aggiornamento : 201607.10.acquario
Da inserire temperatura : 28.56
Ultima temperatura letta :28.59
Vado ad aggiornare la data 10/07/2016 04:50:15
Con la data : 10/07/2016 04:55:29
Path di aggiornamento : 201607.10.acquario
Da inserire temperatura : 28.56
Ultima temperatura letta :28.59
Vado ad aggiornare la data 10/07/2016 04:55:29
Con la data : 10/07/2016 05:00:43
Path di aggiornamento : 201607.10.acquario
Da inserire temperatura : 28.56
Ultima temperatura letta :28.59
Vado ad aggiornare la data 10/07/2016 05:00:43
Con la data : 10/07/2016 05:05:57
Path di aggiornamento : 201607.10.acquario
Da inserire temperatura : 28.56
Ultima temperatura letta :28.59
Vado ad aggiornare la data 10/07/2016 05:05:57
Con la data : 10/07/2016 05:11:11
Path di aggiornamento : 201607.10.acquario
Da inserire temperatura : 28.56
Ultima temperatura letta :28.59
Vado ad aggiornare la data 10/07/2016 05:11:11
Con la data : 10/07/2016 05:16:25
Path di aggiornamento : 201607.10.acquario
Da inserire temperatura : 28.56
Ultima temperatura letta :28.59
Vado ad aggiornare la data 10/07/2016 05:16:25
Con la data : 10/07/2016 05:21:38
Path di aggiornamento : 201607.10.acquario
Da inserire temperatura : 28.56
Ultima temperatura letta :28.59
Vado ad aggiornare la data 10/07/2016 05:21:38
Con la data : 10/07/2016 05:26:52
Path di aggiornamento : 201607.10.acquario
Da inserire temperatura : 28.56
Ultima temperatura letta :28.59
Vado ad aggiornare la data 10/07/2016 05:26:52
Con la data : 10/07/2016 05:32:06
Path di aggiornamento : 201607.10.acquario
Da inserire temperatura : 28.56
Ultima temperatura letta :28.59
Vado ad aggiornare la data 10/07/2016 05:32:06
Con la data : 10/07/2016 05:37:20
Path di aggiornamento : 201607.10.acquario
Da inserire temperatura : 28.56
Ultima temperatura letta :28.59
Vado ad aggiornare la data 10/07/2016 05:37:20
Con la data : 10/07/2016 05:42:34
Path di aggiornamento : 201607.10.acquario
Da inserire temperatura : 28.56
Ultima temperatura letta :28.59
Vado ad aggiornare la data 10/07/2016 05:42:34
Con la data : 10/07/2016 05:47:47
Path di aggiornamento : 201607.10.acquario
Da inserire temperatura : 28.56
Ultima temperatura letta :28.59
Vado ad aggiornare la data 10/07/2016 05:47:47
Con la data : 10/07/2016 05:53:01
Path di aggiornamento : 201607.10.acquario
Da inserire temperatura : 28.56
Ultima temperatura letta :28.59
Vado ad aggiornare la data 10/07/2016 05:53:01
Con la data : 10/07/2016 05:58:15
Path di aggiornamento : 201607.10.acquario
Da inserire temperatura : 28.56
Ultima temperatura letta :28.59
Vado ad aggiornare la data 10/07/2016 05:58:15
Con la data : 10/07/2016 06:03:29
Path di aggiornamento : 201607.10.acquario
Da inserire temperatura : 28.56
Ultima temperatura letta :28.59
Vado ad aggiornare la data 10/07/2016 06:03:29
Con la data : 10/07/2016 06:08:43
Path di aggiornamento : 201607.10.acquario
Da inserire temperatura : 28.56
Ultima temperatura letta :28.59
Vado ad aggiornare la data 10/07/2016 06:08:43
Con la data : 10/07/2016 06:13:56
Path di aggiornamento : 201607.10.acquario
Da inserire temperatura : 28.56
Ultima temperatura letta :28.59
Vado ad aggiornare la data 10/07/2016 06:13:56
Con la data : 10/07/2016 06:19:10
Path di aggiornamento : 201607.10.acquario
Da inserire temperatura : 28.56
Ultima temperatura letta :28.59
Vado ad aggiornare la data 10/07/2016 06:19:10
Con la data : 10/07/2016 06:24:24
Path di aggiornamento : 201607.10.acquario
Da inserire temperatura : 28.56
Ultima temperatura letta :28.59
Vado ad aggiornare la data 10/07/2016 06:24:24
Con la data : 10/07/2016 06:29:38
Path di aggiornamento : 201607.10.acquario
Da inserire temperatura : 28.56
Ultima temperatura letta :28.59
Vado ad aggiornare la data 10/07/2016 06:29:38
Con la data : 10/07/2016 06:34:52
Path di aggiornamento : 201607.10.acquario
Da inserire temperatura : 28.56
Ultima temperatura letta :28.59
Vado ad aggiornare la data 10/07/2016 06:34:52
Con la data : 10/07/2016 06:40:06
Path di aggiornamento : 201607.10.acquario
Da inserire temperatura : 28.54
Ultima temperatura letta :28.59
Vado ad aggiornare la data 10/07/2016 06:40:06
Con la data : 10/07/2016 06:45:20
Path di aggiornamento : 201607.10.acquario
Da inserire temperatura : 28.54
Ultima temperatura letta :28.59
Vado ad aggiornare la data 10/07/2016 06:45:20
Con la data : 10/07/2016 06:50:34
Path di aggiornamento : 201607.10.acquario
Da inserire temperatura : 28.54
Ultima temperatura letta :28.59
Vado ad aggiornare la data 10/07/2016 06:50:34
Con la data : 10/07/2016 06:55:48
Path di aggiornamento : 201607.10.acquario
Da inserire temperatura : 28.52
Ultima temperatura letta :28.59
Vado ad aggiornare la data 10/07/2016 06:55:48
Con la data : 10/07/2016 07:01:01
Path di aggiornamento : 201607.10.acquario
Da inserire temperatura : 28.52
Ultima temperatura letta :28.59
Vado ad aggiornare la data 10/07/2016 07:01:01
Con la data : 10/07/2016 07:06:16
Path di aggiornamento : 201607.10.acquario
Da inserire temperatura : 28.52
Ultima temperatura letta :28.59
Vado ad aggiornare la data 10/07/2016 07:06:16
Con la data : 10/07/2016 07:11:30
Path di aggiornamento : 201607.10.acquario
Da inserire temperatura : 28.5
Ultima temperatura letta :28.59
Vado ad aggiornare la data 10/07/2016 07:11:30
Con la data : 10/07/2016 07:16:44
Path di aggiornamento : 201607.10.acquario
Da inserire temperatura : 28.5
Ultima temperatura letta :28.59
Vado ad aggiornare la data 10/07/2016 07:16:44
Con la data : 10/07/2016 07:21:58
Path di aggiornamento : 201607.10.acquario
Da inserire temperatura : 28.5
Ultima temperatura letta :28.59
Vado ad aggiornare la data 10/07/2016 07:21:58
Con la data : 10/07/2016 07:27:11
Path di aggiornamento : 201607.10.acquario
Da inserire temperatura : 28.5
Ultima temperatura letta :28.59
Vado ad aggiornare la data 10/07/2016 07:27:11
Con la data : 10/07/2016 07:32:25
Path di aggiornamento : 201607.10.acquario
Da inserire temperatura : 28.5
Ultima temperatura letta :28.59
Vado ad aggiornare la data 10/07/2016 07:32:25
Con la data : 10/07/2016 07:37:39
Path di aggiornamento : 201607.10.acquario
Da inserire temperatura : 28.5
Ultima temperatura letta :28.59
Vado ad aggiornare la data 10/07/2016 07:37:39
Con la data : 10/07/2016 07:42:54
Path di aggiornamento : 201607.10.acquario
Da inserire temperatura : 28.5
Ultima temperatura letta :28.59
Vado ad aggiornare la data 10/07/2016 07:42:54
Con la data : 10/07/2016 07:48:08
Path di aggiornamento : 201607.10.acquario
Da inserire temperatura : 28.5
Ultima temperatura letta :28.59
Vado ad aggiornare la data 10/07/2016 07:48:08
Con la data : 10/07/2016 07:53:22
Path di aggiornamento : 201607.10.acquario
Da inserire temperatura : 28.5
Ultima temperatura letta :28.59
Vado ad aggiornare la data 10/07/2016 07:53:22
Con la data : 10/07/2016 07:58:36
Path di aggiornamento : 201607.10.acquario
Da inserire temperatura : 28.5
Ultima temperatura letta :28.59
Vado ad aggiornare la data 10/07/2016 07:58:36
Con la data : 10/07/2016 08:03:50
Path di aggiornamento : 201607.10.acquario
Da inserire temperatura : 28.5
Ultima temperatura letta :28.59
Vado ad aggiornare la data 10/07/2016 08:03:50
Con la data : 10/07/2016 08:09:04
Path di aggiornamento : 201607.10.acquario
Da inserire temperatura : 28.5
Ultima temperatura letta :28.59
Vado ad aggiornare la data 10/07/2016 08:09:04
Con la data : 10/07/2016 08:14:17
Path di aggiornamento : 201607.10.acquario
Da inserire temperatura : 28.5
Ultima temperatura letta :28.59
Vado ad aggiornare la data 10/07/2016 08:14:17
Con la data : 10/07/2016 08:19:31
Path di aggiornamento : 201607.10.acquario
Da inserire temperatura : 28.5
Ultima temperatura letta :28.59
Vado ad aggiornare la data 10/07/2016 08:19:31
Con la data : 10/07/2016 08:24:45
Path di aggiornamento : 201607.10.acquario
Da inserire temperatura : 28.5
Ultima temperatura letta :28.59
Vado ad aggiornare la data 10/07/2016 08:24:45
Con la data : 10/07/2016 08:29:59
Path di aggiornamento : 201607.10.acquario
Da inserire temperatura : 28.5
Ultima temperatura letta :28.59
Vado ad aggiornare la data 10/07/2016 08:29:59
Con la data : 10/07/2016 08:35:13
Path di aggiornamento : 201607.10.acquario
Da inserire temperatura : 28.5
Ultima temperatura letta :28.59
Vado ad aggiornare la data 10/07/2016 08:35:13
Con la data : 10/07/2016 08:40:28
Path di aggiornamento : 201607.10.acquario
Da inserire temperatura : 28.5
Ultima temperatura letta :28.59
Vado ad aggiornare la data 10/07/2016 08:40:28
Con la data : 10/07/2016 08:45:42
Path di aggiornamento : 201607.10.acquario
Da inserire temperatura : 28.5
Ultima temperatura letta :28.59
Vado ad aggiornare la data 10/07/2016 08:45:42
Con la data : 10/07/2016 08:50:56
Path di aggiornamento : 201607.10.acquario
Da inserire temperatura : 28.5
Ultima temperatura letta :28.59
Vado ad aggiornare la data 10/07/2016 08:50:56
Con la data : 10/07/2016 08:56:10
Path di aggiornamento : 201607.10.acquario
Da inserire temperatura : 28.5
Ultima temperatura letta :28.59
Vado ad aggiornare la data 10/07/2016 08:56:10
Con la data : 10/07/2016 09:01:23
Path di aggiornamento : 201607.10.acquario
Da inserire temperatura : 28.5
Ultima temperatura letta :28.59
Vado ad aggiornare la data 10/07/2016 09:01:23
Con la data : 10/07/2016 09:06:37
Path di aggiornamento : 201607.10.acquario
Da inserire temperatura : 28.5
Ultima temperatura letta :28.59
Vado ad aggiornare la data 10/07/2016 09:06:37
Con la data : 10/07/2016 09:11:51
Path di aggiornamento : 201607.10.acquario
Da inserire temperatura : 28.5
Ultima temperatura letta :28.59
Vado ad aggiornare la data 10/07/2016 09:11:51
Con la data : 10/07/2016 09:17:06
Path di aggiornamento : 201607.10.acquario
Da inserire temperatura : 28.5
Ultima temperatura letta :28.59
Vado ad aggiornare la data 10/07/2016 09:17:06
Con la data : 10/07/2016 09:22:20
Path di aggiornamento : 201607.10.acquario
Da inserire temperatura : 28.5
Ultima temperatura letta :28.59
Vado ad aggiornare la data 10/07/2016 09:22:20
Con la data : 10/07/2016 09:27:34
Path di aggiornamento : 201607.10.acquario
Da inserire temperatura : 28.5
Ultima temperatura letta :28.59
Vado ad aggiornare la data 10/07/2016 09:27:34
Con la data : 10/07/2016 09:32:48
Path di aggiornamento : 201607.10.acquario
Da inserire temperatura : 28.5
Ultima temperatura letta :28.59
Vado ad aggiornare la data 10/07/2016 09:32:48
Con la data : 10/07/2016 09:38:02
Path di aggiornamento : 201607.10.acquario
Da inserire temperatura : 28.5
Ultima temperatura letta :28.59
Vado ad aggiornare la data 10/07/2016 09:38:02
Con la data : 10/07/2016 09:43:16
Path di aggiornamento : 201607.10.acquario
Da inserire temperatura : 28.5
Ultima temperatura letta :28.59
Vado ad aggiornare la data 10/07/2016 09:43:16
Con la data : 10/07/2016 09:48:30
Path di aggiornamento : 201607.10.acquario
Da inserire temperatura : 28.5
Ultima temperatura letta :28.59
Vado ad aggiornare la data 10/07/2016 09:48:30
Con la data : 10/07/2016 09:53:43
Path di aggiornamento : 201607.10.acquario
Da inserire temperatura : 28.5
Ultima temperatura letta :28.59
Vado ad aggiornare la data 10/07/2016 09:53:43
Con la data : 10/07/2016 09:58:58
Path di aggiornamento : 201607.10.acquario
Da inserire temperatura : 28.5
Ultima temperatura letta :28.59
Vado ad aggiornare la data 10/07/2016 09:58:58
Con la data : 10/07/2016 10:04:12
Path di aggiornamento : 201607.10.acquario
Da inserire temperatura : 28.5
Ultima temperatura letta :28.59
Vado ad aggiornare la data 10/07/2016 10:04:12
Con la data : 10/07/2016 10:09:26
Path di aggiornamento : 201607.10.acquario
Da inserire temperatura : 28.5
Ultima temperatura letta :28.59
Vado ad aggiornare la data 10/07/2016 10:09:26
Con la data : 10/07/2016 10:14:39
Path di aggiornamento : 201607.10.acquario
Da inserire temperatura : 28.5
Ultima temperatura letta :28.59
Vado ad aggiornare la data 10/07/2016 10:14:39
Con la data : 10/07/2016 10:19:53
Path di aggiornamento : 201607.10.acquario
Da inserire temperatura : 28.5
Ultima temperatura letta :28.59
Vado ad aggiornare la data 10/07/2016 10:19:53
Con la data : 10/07/2016 10:25:07
Path di aggiornamento : 201607.10.acquario
Da inserire temperatura : 28.5
Ultima temperatura letta :28.59
Vado ad aggiornare la data 10/07/2016 10:25:07
Con la data : 10/07/2016 10:30:21
Path di aggiornamento : 201607.10.acquario
Da inserire temperatura : 28.5
Ultima temperatura letta :28.59
Vado ad aggiornare la data 10/07/2016 10:30:21
Con la data : 10/07/2016 10:35:35
Path di aggiornamento : 201607.10.acquario
Da inserire temperatura : 28.5
Ultima temperatura letta :28.59
Vado ad aggiornare la data 10/07/2016 10:35:35
Con la data : 10/07/2016 10:40:48
Path di aggiornamento : 201607.10.acquario
Da inserire temperatura : 28.5
Ultima temperatura letta :28.59
Vado ad aggiornare la data 10/07/2016 10:40:48
Con la data : 10/07/2016 10:46:03
Path di aggiornamento : 201607.10.acquario
Da inserire temperatura : 28.5
Ultima temperatura letta :28.59
Vado ad aggiornare la data 10/07/2016 10:46:03
Con la data : 10/07/2016 10:51:17
Path di aggiornamento : 201607.10.acquario
Da inserire temperatura : 28.5
Ultima temperatura letta :28.59
Vado ad aggiornare la data 10/07/2016 10:51:17
Con la data : 10/07/2016 10:56:31
Path di aggiornamento : 201607.10.acquario
Da inserire temperatura : 28.5
Ultima temperatura letta :28.59
Vado ad aggiornare la data 10/07/2016 10:56:31
Con la data : 10/07/2016 11:01:45
Path di aggiornamento : 201607.10.acquario
Da inserire temperatura : 28.5
Ultima temperatura letta :28.59
Vado ad aggiornare la data 10/07/2016 11:01:45
Con la data : 10/07/2016 11:06:58
Path di aggiornamento : 201607.10.acquario
Da inserire temperatura : 28.5
Ultima temperatura letta :28.59
Vado ad aggiornare la data 10/07/2016 11:06:58
Con la data : 10/07/2016 11:12:12
Path di aggiornamento : 201607.10.acquario
Da inserire temperatura : 28.5
Ultima temperatura letta :28.59
Vado ad aggiornare la data 10/07/2016 11:12:12
Con la data : 10/07/2016 11:17:26
Path di aggiornamento : 201607.10.acquario
Da inserire temperatura : 28.5
Ultima temperatura letta :28.59
Vado ad aggiornare la data 10/07/2016 11:17:26
Con la data : 10/07/2016 11:22:40
Path di aggiornamento : 201607.10.acquario
Da inserire temperatura : 28.5
Ultima temperatura letta :28.59
Vado ad aggiornare la data 10/07/2016 11:22:40
Con la data : 10/07/2016 11:27:53
Path di aggiornamento : 201607.10.acquario
Da inserire temperatura : 28.5
Ultima temperatura letta :28.59
Vado ad aggiornare la data 10/07/2016 11:27:53
Con la data : 10/07/2016 11:33:07
Path di aggiornamento : 201607.10.acquario
Da inserire temperatura : 28.5
Ultima temperatura letta :28.59
Vado ad aggiornare la data 10/07/2016 11:33:07
Con la data : 10/07/2016 11:38:21
Path di aggiornamento : 201607.10.acquario
Da inserire temperatura : 28.5
Ultima temperatura letta :28.59
Vado ad aggiornare la data 10/07/2016 11:38:21
Con la data : 10/07/2016 11:43:36
Path di aggiornamento : 201607.10.acquario
Da inserire temperatura : 28.5
Ultima temperatura letta :28.59
Vado ad aggiornare la data 10/07/2016 11:43:36
Con la data : 10/07/2016 11:48:49
Path di aggiornamento : 201607.10.acquario
Da inserire temperatura : 28.5
Ultima temperatura letta :28.59
Vado ad aggiornare la data 10/07/2016 11:48:49
Con la data : 10/07/2016 11:54:03
Path di aggiornamento : 201607.10.acquario
Da inserire temperatura : 28.5
Ultima temperatura letta :28.59
Vado ad aggiornare la data 10/07/2016 11:54:03
Con la data : 10/07/2016 11:59:17
Path di aggiornamento : 201607.10.acquario
Da inserire temperatura : 28.5
Ultima temperatura letta :28.59
Vado ad aggiornare la data 10/07/2016 11:59:17
Con la data : 10/07/2016 12:04:31
Path di aggiornamento : 201607.10.acquario
Da inserire temperatura : 28.5
Ultima temperatura letta :28.59
Vado ad aggiornare la data 10/07/2016 12:04:31
Con la data : 10/07/2016 12:09:45
Path di aggiornamento : 201607.10.acquario
Da inserire temperatura : 28.5
Ultima temperatura letta :28.59
Vado ad aggiornare la data 10/07/2016 12:09:45
Con la data : 10/07/2016 12:14:59
Path di aggiornamento : 201607.10.acquario
Da inserire temperatura : 28.5
Ultima temperatura letta :28.59
Vado ad aggiornare la data 10/07/2016 12:14:59
Con la data : 10/07/2016 12:20:13
Path di aggiornamento : 201607.10.acquario
Da inserire temperatura : 28.48
Ultima temperatura letta :28.59
Temperatura variata, aggiungo nuova lettura! 28.48 : 28.59
Da inserire temperatura : 28.44
Ultima temperatura letta :28.48
Vado ad aggiornare la data 10/07/2016 12:25:28
Con la data : 10/07/2016 12:30:41
Path di aggiornamento : 201607.10.acquario
Da inserire temperatura : 28.44
Ultima temperatura letta :28.48
Vado ad aggiornare la data 10/07/2016 12:30:41
Con la data : 10/07/2016 12:35:55
Path di aggiornamento : 201607.10.acquario
Da inserire temperatura : 28.44
Ultima temperatura letta :28.48
Vado ad aggiornare la data 10/07/2016 12:35:55
Con la data : 10/07/2016 12:41:09
Path di aggiornamento : 201607.10.acquario
Da inserire temperatura : 28.44
Ultima temperatura letta :28.48
Vado ad aggiornare la data 10/07/2016 12:41:09
Con la data : 10/07/2016 12:46:23
Path di aggiornamento : 201607.10.acquario
Da inserire temperatura : 28.44
Ultima temperatura letta :28.48
Vado ad aggiornare la data 10/07/2016 12:46:23
Con la data : 10/07/2016 12:51:37
Path di aggiornamento : 201607.10.acquario
Da inserire temperatura : 28.44
Ultima temperatura letta :28.48
Vado ad aggiornare la data 10/07/2016 12:51:37
Con la data : 10/07/2016 12:56:51
Path di aggiornamento : 201607.10.acquario
Da inserire temperatura : 28.41
Ultima temperatura letta :28.48
Vado ad aggiornare la data 10/07/2016 12:56:51
Con la data : 10/07/2016 13:02:05
Path di aggiornamento : 201607.10.acquario
Da inserire temperatura : 28.38
Ultima temperatura letta :28.48
Temperatura variata, aggiungo nuova lettura! 28.38 : 28.48
Da inserire temperatura : 28.38
Ultima temperatura letta :28.38
Vado ad aggiornare la data 10/07/2016 13:07:20
Con la data : 10/07/2016 13:12:35
Path di aggiornamento : 201607.10.acquario
Da inserire temperatura : 28.38
Ultima temperatura letta :28.38
Vado ad aggiornare la data 10/07/2016 13:12:35
Con la data : 10/07/2016 13:17:49
Path di aggiornamento : 201607.10.acquario
Da inserire temperatura : 28.38
Ultima temperatura letta :28.38
Vado ad aggiornare la data 10/07/2016 13:17:49
Con la data : 10/07/2016 13:23:02
Path di aggiornamento : 201607.10.acquario
Da inserire temperatura : 28.31
Ultima temperatura letta :28.38
Vado ad aggiornare la data 10/07/2016 13:23:02
Con la data : 10/07/2016 13:28:16
Path di aggiornamento : 201607.10.acquario
Da inserire temperatura : 28.31
Ultima temperatura letta :28.38
Vado ad aggiornare la data 10/07/2016 13:28:16
Con la data : 10/07/2016 13:33:30
Path di aggiornamento : 201607.10.acquario
Da inserire temperatura : 28.31
Ultima temperatura letta :28.38
Vado ad aggiornare la data 10/07/2016 13:33:30
Con la data : 10/07/2016 13:38:44
Path di aggiornamento : 201607.10.acquario
Da inserire temperatura : 28.31
Ultima temperatura letta :28.38
Vado ad aggiornare la data 10/07/2016 13:38:44
Con la data : 10/07/2016 13:43:58
Path di aggiornamento : 201607.10.acquario
Da inserire temperatura : 28.31
Ultima temperatura letta :28.38
Vado ad aggiornare la data 10/07/2016 13:43:58
Con la data : 10/07/2016 13:49:12
Path di aggiornamento : 201607.10.acquario
Da inserire temperatura : 28.25
Ultima temperatura letta :28.38
Temperatura variata, aggiungo nuova lettura! 28.25 : 28.38
Da inserire temperatura : 28.25
Ultima temperatura letta :28.25
Vado ad aggiornare la data 10/07/2016 13:54:25
Con la data : 10/07/2016 13:59:39
Path di aggiornamento : 201607.10.acquario
Da inserire temperatura : 28.25
Ultima temperatura letta :28.25
Vado ad aggiornare la data 10/07/2016 13:59:39
Con la data : 10/07/2016 14:04:53
Path di aggiornamento : 201607.10.acquario
Da inserire temperatura : 28.25
Ultima temperatura letta :28.25
Vado ad aggiornare la data 10/07/2016 14:04:53
Con la data : 10/07/2016 14:10:07
Path di aggiornamento : 201607.10.acquario
Da inserire temperatura : 28.25
Ultima temperatura letta :28.25
Vado ad aggiornare la data 10/07/2016 14:10:07
Con la data : 10/07/2016 14:15:20
Path di aggiornamento : 201607.10.acquario
Da inserire temperatura : 28.19
Ultima temperatura letta :28.25
Vado ad aggiornare la data 10/07/2016 14:15:20
Con la data : 10/07/2016 14:20:34
Path di aggiornamento : 201607.10.acquario
Da inserire temperatura : 28.19
Ultima temperatura letta :28.25
Vado ad aggiornare la data 10/07/2016 14:20:34
Con la data : 10/07/2016 14:25:48
Path di aggiornamento : 201607.10.acquario
Da inserire temperatura : 28.19
Ultima temperatura letta :28.25
Vado ad aggiornare la data 10/07/2016 14:25:48
Con la data : 10/07/2016 14:31:02
Path di aggiornamento : 201607.10.acquario
Da inserire temperatura : 28.19
Ultima temperatura letta :28.25
Vado ad aggiornare la data 10/07/2016 14:31:02
Con la data : 10/07/2016 14:36:16
Path di aggiornamento : 201607.10.acquario
Da inserire temperatura : 28.13
Ultima temperatura letta :28.25
Temperatura variata, aggiungo nuova lettura! 28.13 : 28.25
Da inserire temperatura : 28.13
Ultima temperatura letta :28.13
Vado ad aggiornare la data 10/07/2016 14:41:30
Con la data : 10/07/2016 14:46:45
Path di aggiornamento : 201607.10.acquario
Da inserire temperatura : 28.13
Ultima temperatura letta :28.13
Vado ad aggiornare la data 10/07/2016 14:46:45
Con la data : 10/07/2016 14:51:59
Path di aggiornamento : 201607.10.acquario
Da inserire temperatura : 28.13
Ultima temperatura letta :28.13
Vado ad aggiornare la data 10/07/2016 14:51:59
Con la data : 10/07/2016 14:57:13
Path di aggiornamento : 201607.10.acquario
Da inserire temperatura : 28.13
Ultima temperatura letta :28.13
Vado ad aggiornare la data 10/07/2016 14:57:13
Con la data : 10/07/2016 15:02:27
Path di aggiornamento : 201607.10.acquario
Da inserire temperatura : 28.13
Ultima temperatura letta :28.13
Vado ad aggiornare la data 10/07/2016 15:02:27
Con la data : 10/07/2016 15:07:42
Path di aggiornamento : 201607.10.acquario
Da inserire temperatura : 28.13
Ultima temperatura letta :28.13
Vado ad aggiornare la data 10/07/2016 15:07:42
Con la data : 10/07/2016 15:12:56
Path di aggiornamento : 201607.10.acquario
Da inserire temperatura : 28.13
Ultima temperatura letta :28.13
Vado ad aggiornare la data 10/07/2016 15:12:56
Con la data : 10/07/2016 15:18:10
Path di aggiornamento : 201607.10.acquario
Da inserire temperatura : 28.13
Ultima temperatura letta :28.13
Vado ad aggiornare la data 10/07/2016 15:18:10
Con la data : 10/07/2016 15:23:24
Path di aggiornamento : 201607.10.acquario
Da inserire temperatura : 28.13
Ultima temperatura letta :28.13
Vado ad aggiornare la data 10/07/2016 15:23:24
Con la data : 10/07/2016 15:28:38
Path di aggiornamento : 201607.10.acquario
Da inserire temperatura : 28.13
Ultima temperatura letta :28.13
Vado ad aggiornare la data 10/07/2016 15:28:38
Con la data : 10/07/2016 15:33:52
Path di aggiornamento : 201607.10.acquario
Da inserire temperatura : 28.11
Ultima temperatura letta :28.13
Vado ad aggiornare la data 10/07/2016 15:33:52
Con la data : 10/07/2016 15:39:05
Path di aggiornamento : 201607.10.acquario
Da inserire temperatura : 28.08
Ultima temperatura letta :28.13
Vado ad aggiornare la data 10/07/2016 15:39:05
Con la data : 10/07/2016 15:44:20
Path di aggiornamento : 201607.10.acquario
Da inserire temperatura : 28.06
Ultima temperatura letta :28.13
Vado ad aggiornare la data 10/07/2016 15:44:20
Con la data : 10/07/2016 15:49:34
Path di aggiornamento : 201607.10.acquario
Da inserire temperatura : 28.06
Ultima temperatura letta :28.13
Vado ad aggiornare la data 10/07/2016 15:49:34
Con la data : 10/07/2016 15:54:48
Path di aggiornamento : 201607.10.acquario
Da inserire temperatura : 28.06
Ultima temperatura letta :28.13
Vado ad aggiornare la data 10/07/2016 15:54:48
Con la data : 10/07/2016 16:00:02
Path di aggiornamento : 201607.10.acquario
Da inserire temperatura : 28.06
Ultima temperatura letta :28.13
Vado ad aggiornare la data 10/07/2016 16:00:02
Con la data : 10/07/2016 16:05:15
Path di aggiornamento : 201607.10.acquario
Da inserire temperatura : 28.06
Ultima temperatura letta :28.13
Vado ad aggiornare la data 10/07/2016 16:05:15
Con la data : 10/07/2016 16:10:29
Path di aggiornamento : 201607.10.acquario
Da inserire temperatura : 28.06
Ultima temperatura letta :28.13
Vado ad aggiornare la data 10/07/2016 16:10:29
Con la data : 10/07/2016 16:15:43
Path di aggiornamento : 201607.10.acquario
Da inserire temperatura : 28.06
Ultima temperatura letta :28.13
Vado ad aggiornare la data 10/07/2016 16:15:43
Con la data : 10/07/2016 16:20:57
Path di aggiornamento : 201607.10.acquario
Da inserire temperatura : 28.06
Ultima temperatura letta :28.13
Vado ad aggiornare la data 10/07/2016 16:20:57
Con la data : 10/07/2016 16:26:11
Path di aggiornamento : 201607.10.acquario
Da inserire temperatura : 28.06
Ultima temperatura letta :28.13
Vado ad aggiornare la data 10/07/2016 16:26:11
Con la data : 10/07/2016 16:31:25
Path di aggiornamento : 201607.10.acquario
Da inserire temperatura : 28.06
Ultima temperatura letta :28.13
Vado ad aggiornare la data 10/07/2016 16:31:25
Con la data : 10/07/2016 16:36:39
Path di aggiornamento : 201607.10.acquario
Da inserire temperatura : 28.06
Ultima temperatura letta :28.13
Vado ad aggiornare la data 10/07/2016 16:36:39
Con la data : 10/07/2016 16:41:53
Path di aggiornamento : 201607.10.acquario
Da inserire temperatura : 28.06
Ultima temperatura letta :28.13
Vado ad aggiornare la data 10/07/2016 16:41:53
Con la data : 10/07/2016 16:47:07
Path di aggiornamento : 201607.10.acquario
Da inserire temperatura : 28.06
Ultima temperatura letta :28.13
Vado ad aggiornare la data 10/07/2016 16:47:07
Con la data : 10/07/2016 16:52:21
Path di aggiornamento : 201607.10.acquario
Da inserire temperatura : 28.06
Ultima temperatura letta :28.13
Vado ad aggiornare la data 10/07/2016 16:52:21
Con la data : 10/07/2016 16:57:36
Path di aggiornamento : 201607.10.acquario
Da inserire temperatura : 28.06
Ultima24
Da inserire temperatura : 28.06
Ultima temperatura letta :28.13
Vado ad aggiornare la data 10/07/2016 17:13:17
Con la data : 10/07/2016 17:56:39
Path di aggiornamento : 201607.10.acquario
Da inserire temperatura : 28.06
Ultima temperatura letta :28.13
Vado ad aggiornare la data 10/07/2016 17:56:39
Con la data : 10/07/2016 18:01:53
Path di aggiornamento : 201607.10.acquario
Da inserire temperatura : 28.06
Ultima temperatura letta :28.13
Vado ad aggiornare la data 10/07/2016 18:01:53
Con la data : 10/07/2016 18:07:07
Path di aggiornamento : 201607.10.acquario
Da inserire temperatura : 28.13
Ultima temperatura letta :28.13
Vado ad aggiornare la data 10/07/2016 18:07:07
Con la data : 10/07/2016 18:12:21
Path di aggiornamento : 201607.10.acquario
Da inserire temperatura : 28.13
Ultima temperatura letta :28.13
Vado ad aggiornare la data 10/07/2016 18:12:21
Con la data : 10/07/2016 18:17:36
Path di aggiornamento : 201607.10.acquario
Da inserire temperatura : 28.13
Ultima temperatura letta :28.13
Vado ad aggiornare la data 10/07/2016 18:17:36
Con la data : 10/07/2016 18:22:50
Path di aggiornamento : 201607.10.acquario
Da inserire temperatura : 28.19
Ultima temperatura letta :28.13
Vado ad aggiornare la data 10/07/2016 18:22:50
Con la data : 10/07/2016 18:28:04
Path di aggiornamento : 201607.10.acquario
Da inserire temperatura : 28.19
Ultima temperatura letta :28.13
Vado ad aggiornare la data 10/07/2016 18:28:04
Con la data : 10/07/2016 18:33:19
Path di aggiornamento : 201607.10.acquario
Da inserire temperatura : 28.21
Ultima temperatura letta :28.13
Vado ad aggiornare la data 10/07/2016 18:33:19
Con la data : 10/07/2016 18:38:33
Path di aggiornamento : 201607.10.acquario
Da inserire temperatura : 28.25
Ultima temperatura letta :28.13
Temperatura variata, aggiungo nuova lettura! 28.25 : 28.13
Da inserire temperatura : 28.25
Ultima temperatura letta :28.25
Vado ad aggiornare la data 10/07/2016 18:43:47
Con la data : 10/07/2016 18:49:00
Path di aggiornamento : 201607.10.acquario
Da inserire temperatura : 28.25
Ultima temperatura letta :28.25
Vado ad aggiornare la data 10/07/2016 18:49:00
Con la data : 10/07/2016 18:54:15
Path di aggiornamento : 201607.10.acquario
Da inserire temperatura : 28.25
Ultima temperatura letta :28.25
Vado ad aggiornare la data 10/07/2016 18:54:15
Con la data : 10/07/2016 18:59:29
Path di aggiornamento : 201607.10.acquario
Da inserire temperatura : 28.25
Ultima temperatura letta :28.25
Vado ad aggiornare la data 10/07/2016 18:59:29
Con la data : 10/07/2016 19:04:44
Path di aggiornamento : 201607.10.acquario
Da inserire temperatura : 28.25
Ultima temperatura letta :28.25
Vado ad aggiornare la data 10/07/2016 19:04:44
Con la data : 10/07/2016 19:10:01
Path di aggiornamento : 201607.10.acquario
Da inserire temperatura : 28.25
Ultima temperatura letta :28.25
Vado ad aggiornare la data 10/07/2016 19:10:01
Con la data : 10/07/2016 19:15:17
Path di aggiornamento : 201607.10.acquario
Da inserire temperatura : 28.25
Ultima temperatura letta :28.25
Vado ad aggiornare la data 10/07/2016 19:15:17
Con la data : 10/07/2016 19:20:31
Path di aggiornamento : 201607.10.acquario
Da inserire temperatura : 28.25
Ultima temperatura letta :28.25
Vado ad aggiornare la data 10/07/2016 19:20:31
Con la data : 10/07/2016 19:25:45
Path di aggiornamento : 201607.10.acquario
Da inserire temperatura : 28.25
Ultima temperatura letta :28.25
Vado ad aggiornare la data 10/07/2016 19:25:45
Con la data : 10/07/2016 19:31:00
Path di aggiornamento : 201607.10.acquario
Da inserire temperatura : 28.25
Ultima temperatura letta :28.25
Vado ad aggiornare la data 10/07/2016 19:31:00
Con la data : 10/07/2016 19:36:14
Path di aggiornamento : 201607.10.acquario
Da inserire temperatura : 28.25
Ultima temperatura letta :28.25
Vado ad aggiornare la data 10/07/2016 19:36:14
Con la data : 10/07/2016 19:41:27
Path di aggiornamento : 201607.10.acquario
Da inserire temperatura : 28.19
Ultima temperatura letta :28.25
Vado ad aggiornare la data 10/07/2016 19:41:27
Con la data : 10/07/2016 19:46:41
Path di aggiornamento : 201607.10.acquario
Da inserire temperatura : 28.19
Ultima temperatura letta :28.25
Vado ad aggiornare la data 10/07/2016 19:46:41
Con la data : 10/07/2016 19:51:55
Path di aggiornamento : 201607.10.acquario
Da inserire temperatura : 28.19
Ultima temperatura letta :28.25
Vado ad aggiornare la data 10/07/2016 19:51:55
Con la data : 10/07/2016 19:57:09
Path di aggiornamento : 201607.10.acquario
Da inserire temperatura : 28.19
Ultima temperatura letta :28.25
Vado ad aggiornare la data 10/07/2016 19:57:09
Con la data : 10/07/2016 20:02:23
Path di aggiornamento : 201607.10.acquario
Da inserire temperatura : 28.19
Ultima temperatura letta :28.25
Vado ad aggiornare la data 10/07/2016 20:02:23
Con la data : 10/07/2016 20:07:37
Path di aggiornamento : 201607.10.acquario
Da inserire temperatura : 28.19
Ultima temperatura letta :28.25
Vado ad aggiornare la data 10/07/2016 20:07:37
Con la data : 10/07/2016 20:12:51
Path di aggiornamento : 201607.10.acquario
Da inserire temperatura : 28.19
Ultima temperatura letta :28.25
Vado ad aggiornare la data 10/07/2016 20:12:51
Con la data : 10/07/2016 20:18:06
Path di aggiornamento : 201607.10.acquario
Da inserire temperatura : 28.19
Ultima temperatura letta :28.25
Vado ad aggiornare la data 10/07/2016 20:18:06
Con la data : 10/07/2016 20:23:20
Path di aggiornamento : 201607.10.acquario
Da inserire temperatura : 28.19
Ultima temperatura letta :28.25
Vado ad aggiornare la data 10/07/2016 20:23:20
Con la data : 10/07/2016 20:28:34
Path di aggiornamento : 201607.10.acquario
Da inserire temperatura : 28.25
Ultima temperatura letta :28.25
Vado ad aggiornare la data 10/07/2016 20:28:34
Con la data : 10/07/2016 20:33:48
Path di aggiornamento : 201607.10.acquario
Da inserire temperatura : 28.25
Ultima temperatura letta :28.25
Vado ad aggiornare la data 10/07/2016 20:33:48
Con la data : 10/07/2016 20:39:01
Path di aggiornamento : 201607.10.acquario
Da inserire temperatura : 28.25
Ultima temperatura letta :28.25
Vado ad aggiornare la data 10/07/2016 20:39:01
Con la data : 10/07/2016 20:44:16
Path di aggiornamento : 201607.10.acquario
Da inserire temperatura : 28.25
Ultima temperatura letta :28.25
Vado ad aggiornare la data 10/07/2016 20:44:16
Con la data : 10/07/2016 20:49:31
Path di aggiornamento : 201607.10.acquario
Da inserire temperatura : 28.31
Ultima temperatura letta :28.25
Vado ad aggiornare la data 10/07/2016 20:49:31
Con la data : 10/07/2016 20:54:46
Path di aggiornamento : 201607.10.acquario
Da inserire temperatura : 28.31
Ultima temperatura letta :28.25
Vado ad aggiornare la data 10/07/2016 20:54:46
Con la data : 10/07/2016 21:00:00
Path di aggiornamento : 201607.10.acquario
Da inserire temperatura : 28.31
Ultima temperatura letta :28.25
Vado ad aggiornare la data 10/07/2016 21:00:00
Con la data : 10/07/2016 21:05:15
Path di aggiornamento : 201607.10.acquario
Da inserire temperatura : 28.36
Ultima temperatura letta :28.25
Temperatura variata, aggiungo nuova lettura! 28.36 : 28.25
Da inserire temperatura : 28.38
Ultima temperatura letta :28.36
Vado ad aggiornare la data 10/07/2016 21:10:30
Con la data : 10/07/2016 21:15:45
Path di aggiornamento : 201607.10.acquario
Da inserire temperatura : 28.38
Ultima temperatura letta :28.36
Vado ad aggiornare la data 10/07/2016 21:15:45
Con la data : 10/07/2016 21:21:01
Path di aggiornamento : 201607.10.acquario
Da inserire temperatura : 28.38
Ultima temperatura letta :28.36
Vado ad aggiornare la data 10/07/2016 21:21:01
Con la data : 10/07/2016 21:26:16
Path di aggiornamento : 201607.10.acquario
Da inserire temperatura : 28.44
Ultima temperatura letta :28.36
Vado ad aggiornare la data 10/07/2016 21:26:16
Con la data : 10/07/2016 21:31:30
Path di aggiornamento : 201607.10.acquario
Da inserire temperatura : 28.44
Ultima temperatura letta :28.36
Vado ad aggiornare la data 10/07/2016 21:31:30
Con la data : 10/07/2016 21:36:44
Path di aggiornamento : 201607.10.acquario
Da inserire temperatura : 28.44
Ultima temperatura letta :28.36
Vado ad aggiornare la data 10/07/2016 21:36:44
Con la data : 10/07/2016 21:41:58
Path di aggiornamento : 201607.10.acquario
Da inserire temperatura : 28.44
Ultima temperatura letta :28.36
Vado ad aggiornare la data 10/07/2016 21:41:58
Con la data : 10/07/2016 21:47:13
Path di aggiornamento : 201607.10.acquario
Da inserire temperatura : 28.44
Ultima temperatura letta :28.36
Vado ad aggiornare la data 10/07/2016 21:47:13
Con la data : 10/07/2016 21:52:27
Path di aggiornamento : 201607.10.acquario
Da inserire temperatura : 28.44
Ultima temperatura letta :28.36
Vado ad aggiornare la data 10/07/2016 21:52:27
Con la data : 10/07/2016 21:57:41
Path di aggiornamento : 201607.10.acquario
Da inserire temperatura : 28.5
Ultima temperatura letta :28.36
Temperatura variata, aggiungo nuova lettura! 28.5 : 28.36
Da inserire temperatura : 28.5
Ultima temperatura letta :28.5
Vado ad aggiornare la data 10/07/2016 22:02:55
Con la data : 10/07/2016 22:08:09
Path di aggiornamento : 201607.10.acquario
Da inserire temperatura : 28.5
Ultima temperatura letta :28.5
Vado ad aggiornare la data 10/07/2016 22:08:09
Con la data : 10/07/2016 22:13:23
Path di aggiornamento : 201607.10.acquario
Da inserire temperatura : 28.5
Ultima temperatura letta :28.5
Vado ad aggiornare la data 10/07/2016 22:13:23
Con la data : 10/07/2016 22:18:37
Path di aggiornamento : 201607.10.acquario
Da inserire temperatura : 28.5
Ultima temperatura letta :28.5
Vado ad aggiornare la data 10/07/2016 22:18:37
Con la data : 10/07/2016 22:23:51
Path di aggiornamento : 201607.10.acquario
Da inserire temperatura : 28.5
Ultima temperatura letta :28.5
Vado ad aggiornare la data 10/07/2016 22:23:51
Con la data : 10/07/2016 22:29:05
Path di aggiornamento : 201607.10.acquario
Da inserire temperatura : 28.5
Ultima temperatura letta :28.5
Vado ad aggiornare la data 10/07/2016 22:29:05
Con la data : 10/07/2016 22:34:19
Path di aggiornamento : 201607.10.acquario
Da inserire temperatura : 28.5
Ultima temperatura letta :28.5
Vado ad aggiornare la data 10/07/2016 22:34:19
Con la data : 10/07/2016 22:39:35
Path di aggiornamento : 201607.10.acquario
Da inserire temperatura : 28.5
Ultima temperatura letta :28.5
Vado ad aggiornare la data 10/07/2016 22:39:35
Con la data : 10/07/2016 22:44:49
Path di aggiornamento : 201607.10.acquario
Da inserire temperatura : 28.5
Ultima temperatura letta :28.5
Vado ad aggiornare la data 10/07/2016 22:44:49
Con la data : 10/07/2016 22:50:03
Path di aggiornamento : 201607.10.acquario
Da inserire temperatura : 28.54
Ultima temperatura letta :28.5
Vado ad aggiornare la data 10/07/2016 22:50:03
Con la data : 10/07/2016 22:55:18
Path di aggiornamento : 201607.10.acquario
Da inserire temperatura : 28.56
Ultima temperatura letta :28.5
Vado ad aggiornare la data 10/07/2016 22:55:18
Con la data : 10/07/2016 23:00:32
Path di aggiornamento : 201607.10.acquario
Da inserire temperatura : 28.56
Ultima temperatura letta :28.5
Vado ad aggiornare la data 10/07/2016 23:00:32
Con la data : 10/07/2016 23:05:46
Path di aggiornamento : 201607.10.acquario
Da inserire temperatura : 28.56
Ultima temperatura letta :28.5
Vado ad aggiornare la data 10/07/2016 23:05:46
Con la data : 10/07/2016 23:11:01
Path di aggiornamento : 201607.10.acquario
Da inserire temperatura : 28.56
Ultima temperatura letta :28.5
Vado ad aggiornare la data 10/07/2016 23:11:01
Con la data : 10/07/2016 23:16:15
Path di aggiornamento : 201607.10.acquario
Da inserire temperatura : 28.61
Ultima temperatura letta :28.5
Temperatura variata, aggiungo nuova lettura! 28.61 : 28.5
Da inserire temperatura : 28.63
Ultima temperatura letta :28.61
Vado ad aggiornare la data 10/07/2016 23:21:29
Con la data : 10/07/2016 23:26:43
Path di aggiornamento : 201607.10.acquario
Da inserire temperatura : 28.63
Ultima temperatura letta :28.61
Vado ad aggiornare la data 10/07/2016 23:26:43
Con la data : 10/07/2016 23:31:57
Path di aggiornamento : 201607.10.acquario
Da inserire temperatura : 28.63
Ultima temperatura letta :28.61
Vado ad aggiornare la data 10/07/2016 23:31:57
Con la data : 10/07/2016 23:37:12
Path di aggiornamento : 201607.10.acquario
Da inserire temperatura : 28.63
Ultima temperatura letta :28.61
Vado ad aggiornare la data 10/07/2016 23:37:12
Con la data : 10/07/2016 23:42:26
Path di aggiornamen